2024-08-31T17:35:49.290+05:30  INFO 23564 --- [restartedMain] com.soprabanking.FlipbookApplication     : Starting FlipbookApplication using Java 18.0.2.1 with PID 23564 (C:\Users\raverma\Documents\CodeBase\Rahul Projects\flipbook-upload-rule-engine\target\classes started by raverma in C:\Users\raverma\Documents\CodeBase\Rahul Projects\flipbook-upload-rule-engine)
2024-08-31T17:35:49.314+05:30  INFO 23564 --- [restartedMain] com.soprabanking.FlipbookApplication     : No active profile set, falling back to 1 default profile: "default"
2024-08-31T17:35:49.898+05:30  INFO 23564 --- [restartedMain] o.s.b.devtools.restart.ChangeableUrls    : The Class-Path manifest attribute in C:\Users\raverma\.m2\repository\org\apache\xmlgraphics\batik-rasterizer-ext\1.16\batik-rasterizer-ext-1.16.jar referenced one or more files that do not exist: file:/C:/Users/raverma/.m2/repository/org/apache/xmlgraphics/batik-rasterizer-ext/1.16/batik-shared-resources-1.16.jar,file:/C:/Users/raverma/.m2/repository/org/apache/xmlgraphics/batik-rasterizer-ext/1.16/batik-svgrasterizer-1.16.jar,file:/C:/Users/raverma/.m2/repository/org/apache/xmlgraphics/batik-rasterizer-ext/1.16/batik-parser-1.16.jar,file:/C:/Users/raverma/.m2/repository/org/apache/xmlgraphics/batik-rasterizer-ext/1.16/batik-xml-1.16.jar,file:/C:/Users/raverma/.m2/repository/org/apache/xmlgraphics/batik-rasterizer-ext/1.16/batik-transcoder-1.16.jar,file:/C:/Users/raverma/.m2/repository/org/apache/xmlgraphics/batik-rasterizer-ext/1.16/batik-svggen-1.16.jar,file:/C:/Users/raverma/.m2/repository/org/apache/xmlgraphics/batik-rasterizer-ext/1.16/batik-util-1.16.jar,file:/C:/Users/raverma/.m2/repository/org/apache/xmlgraphics/batik-rasterizer-ext/1.16/batik-constants-1.16.jar,file:/C:/Users/raverma/.m2/repository/org/apache/xmlgraphics/batik-rasterizer-ext/1.16/batik-i18n-1.16.jar,file:/C:/Users/raverma/.m2/repository/org/apache/xmlgraphics/batik-rasterizer-ext/1.16/batik-codec-1.16.jar,file:/C:/Users/raverma/.m2/repository/org/apache/xmlgraphics/batik-rasterizer-ext/1.16/batik-extension-1.16.jar,file:/C:/Users/raverma/.m2/repository/org/apache/xmlgraphics/batik-rasterizer-ext/1.16/batik-anim-1.16.jar,file:/C:/Users/raverma/.m2/repository/org/apache/xmlgraphics/batik-rasterizer-ext/1.16/batik-awt-util-1.16.jar,file:/C:/Users/raverma/.m2/repository/org/apache/xmlgraphics/batik-rasterizer-ext/1.16/xmlgraphics-commons-2.7.jar,file:/C:/Users/raverma/.m2/repository/org/apache/xmlgraphics/batik-rasterizer-ext/1.16/commons-io-1.3.2.jar,file:/C:/Users/raverma/.m2/repository/org/apache/xmlgraphics/batik-rasterizer-ext/1.16/commons-logging-1.2.jar,file:/C:/Users/raverma/.m2/repository/org/apache/xmlgraphics/batik-rasterizer-ext/1.16/batik-bridge-1.16.jar,file:/C:/Users/raverma/.m2/repository/org/apache/xmlgraphics/batik-rasterizer-ext/1.16/batik-script-1.16.jar,file:/C:/Users/raverma/.m2/repository/org/apache/xmlgraphics/batik-rasterizer-ext/1.16/batik-css-1.16.jar,file:/C:/Users/raverma/.m2/repository/org/apache/xmlgraphics/batik-rasterizer-ext/1.16/batik-dom-1.16.jar,file:/C:/Users/raverma/.m2/repository/org/apache/xmlgraphics/batik-rasterizer-ext/1.16/xml-apis-1.4.01.jar,file:/C:/Users/raverma/.m2/repository/org/apache/xmlgraphics/batik-rasterizer-ext/1.16/batik-ext-1.16.jar,file:/C:/Users/raverma/.m2/repository/org/apache/xmlgraphics/batik-rasterizer-ext/1.16/batik-gvt-1.16.jar,file:/C:/Users/raverma/.m2/repository/org/apache/xmlgraphics/batik-rasterizer-ext/1.16/batik-svg-dom-1.16.jar,file:/C:/Users/raverma/.m2/repository/org/apache/xmlgraphics/batik-rasterizer-ext/1.16/xml-apis-ext-1.3.04.jar
2024-08-31T17:35:49.925+05:30  INFO 23564 --- [restartedMain] o.s.b.devtools.restart.ChangeableUrls    : The Class-Path manifest attribute in C:\Users\raverma\.m2\repository\org\libreoffice\juh\5.4.2\juh-5.4.2.jar referenced one or more files that do not exist: file:/C:/Users/raverma/.m2/repository/org/libreoffice/juh/5.4.2/jurt.jar,file:/C:/Users/raverma/.m2/repository/org/libreoffice/juh/5.4.2/ridl.jar
2024-08-31T17:35:49.925+05:30  INFO 23564 --- [restartedMain] o.s.b.devtools.restart.ChangeableUrls    : The Class-Path manifest attribute in C:\Users\raverma\.m2\repository\org\libreoffice\jurt\5.4.2\jurt-5.4.2.jar referenced one or more files that do not exist: file:/C:/Users/raverma/.m2/repository/org/libreoffice/jurt/5.4.2/ridl.jar,file:/C:/Users/raverma/.m2/repository/org/libreoffice/jurt/5.4.2/unoloader.jar
2024-08-31T17:35:49.927+05:30  INFO 23564 --- [restartedMain] .e.DevToolsPropertyDefaultsPostProcessor : Devtools property defaults active! Set 'spring.devtools.add-properties' to 'false' to disable
2024-08-31T17:35:49.928+05:30  INFO 23564 --- [restartedMain] .e.DevToolsPropertyDefaultsPostProcessor : For additional web related logging consider setting the 'logging.level.web' property to 'DEBUG'
2024-08-31T17:35:53.811+05:30  INFO 23564 --- [restartedMain] o.s.b.w.embedded.tomcat.TomcatWebServer  : Tomcat initialized with port(s): 8080 (http)
2024-08-31T17:35:53.833+05:30  INFO 23564 --- [restartedMain] o.apache.catalina.core.StandardService   : Starting service [Tomcat]
2024-08-31T17:35:53.835+05:30  INFO 23564 --- [restartedMain] o.apache.catalina.core.StandardEngine    : Starting Servlet engine: [Apache Tomcat/10.1.4]
2024-08-31T17:35:53.980+05:30  INFO 23564 --- [restartedMain] o.a.c.c.C.[Tomcat].[localhost].[/]       : Initializing Spring embedded WebApplicationContext
2024-08-31T17:35:53.981+05:30  INFO 23564 --- [restartedMain] w.s.c.ServletWebServerApplicationContext : Root WebApplicationContext: initialization completed in 4052 ms
2024-08-31T17:35:54.758+05:30  INFO 23564 --- [restartedMain] o.s.b.d.a.OptionalLiveReloadServer       : LiveReload server is running on port 35729
2024-08-31T17:35:54.822+05:30  INFO 23564 --- [restartedMain] o.s.b.w.embedded.tomcat.TomcatWebServer  : Tomcat started on port(s): 8080 (http) with context path ''
2024-08-31T17:35:54.840+05:30  INFO 23564 --- [restartedMain] com.soprabanking.FlipbookApplication     : Started FlipbookApplication in 6.508 seconds (process running for 7.359)
2024-08-31T17:36:27.158+05:30  INFO 23564 --- [http-nio-8080-exec-1] o.a.c.c.C.[Tomcat].[localhost].[/]       : Initializing Spring DispatcherServlet 'dispatcherServlet'
2024-08-31T17:36:27.160+05:30  INFO 23564 --- [http-nio-8080-exec-1] o.s.web.servlet.DispatcherServlet        : Initializing Servlet 'dispatcherServlet'
2024-08-31T17:36:27.162+05:30  INFO 23564 --- [http-nio-8080-exec-1] o.s.web.servlet.DispatcherServlet        : Completed initialization in 2 ms
2024-08-31T17:36:27.352+05:30  INFO 23564 --- [http-nio-8080-exec-1] c.s.controller.FlipbookController        : Flipbook >> in uploadFlipbookData
2024-08-31T17:36:27.353+05:30  INFO 23564 --- [http-nio-8080-exec-1] c.s.controller.FlipbookController        : Flipbook >> out uploadFlipbookData
2024-08-31T17:36:27.353+05:30  INFO 23564 --- [http-nio-8080-exec-1] c.soprabanking.service.FlipbookService   : Flipbook >> in processUploadedFiles
2024-08-31T17:36:27.357+05:30  INFO 23564 --- [http-nio-8080-exec-1] c.s.processor.FlipbookProcessor          : Flipbook >> in convertMultiPartToFile
2024-08-31T17:36:27.788+05:30  INFO 23564 --- [http-nio-8080-exec-1] c.s.processor.FlipbookProcessor          : Folder Created -> C:\Users\raverma\Documents\workspace-spring-tool-suite-4-4.11.1.RELEASE\FileConversion\external\RahulVermaResume
2024-08-31T17:36:27.793+05:30  INFO 23564 --- [http-nio-8080-exec-1] c.s.processor.FlipbookProcessor          : Total files to be converting -> 1
2024-08-31T17:36:27.794+05:30  INFO 23564 --- [http-nio-8080-exec-1] c.s.processor.FlipbookProcessor          : This is the file extension: png
2024-08-31T17:36:28.727+05:30  WARN 23564 --- [http-nio-8080-exec-1] o.a.p.p.font.FileSystemFontProvider      : New fonts found, font cache will be re-built
2024-08-31T17:36:28.728+05:30  WARN 23564 --- [http-nio-8080-exec-1] o.a.p.p.font.FileSystemFontProvider      : Building on-disk font cache, this may take a while
2024-08-31T17:36:29.290+05:30  WARN 23564 --- [http-nio-8080-exec-1] o.a.p.p.font.FileSystemFontProvider      : Finished building on-disk font cache, found 531 fonts
2024-08-31T17:36:29.485+05:30  INFO 23564 --- [http-nio-8080-exec-1] o.a.pdfbox.pdmodel.font.PDCIDFontType2   : OpenType Layout tables used in font ABCDEE+Tahoma are not implemented in PDFBox and will be ignored
2024-08-31T17:36:31.110+05:30  INFO 23564 --- [http-nio-8080-exec-1] c.s.processor.FlipbookProcessor          : Converted Images are saved at -> C:\Users\raverma\Documents\workspace-spring-tool-suite-4-4.11.1.RELEASE\FileConversion\external\RahulVermaResume
2024-08-31T17:36:31.111+05:30  INFO 23564 --- [http-nio-8080-exec-1] c.s.processor.FlipbookProcessor          : Flipbook >>  out convertMultiPartToFile
2024-08-31T17:36:31.112+05:30  INFO 23564 --- [http-nio-8080-exec-1] c.s.processor.FlipbookProcessor          : Flipbook >> in convertMultiPartToFile
2024-08-31T17:36:31.286+05:30  INFO 23564 --- [http-nio-8080-exec-1] c.s.processor.FlipbookProcessor          : Flipbook >>  out convertMultiPartToFile
2024-08-31T17:36:31.287+05:30  INFO 23564 --- [http-nio-8080-exec-1] c.s.processor.FlipbookProcessor          : Flipbook >> in convertMultiPartToFile
2024-08-31T17:36:32.660+05:30  INFO 23564 --- [http-nio-8080-exec-1] c.s.processor.FlipbookProcessor          : Flipbook >>  out convertMultiPartToFile
2024-08-31T17:36:32.661+05:30  INFO 23564 --- [http-nio-8080-exec-1] c.s.processor.FlipbookProcessor          : Flipbook >>  in configurePages
2024-08-31T17:36:32.662+05:30  INFO 23564 --- [http-nio-8080-exec-1] c.s.processor.FlipbookProcessor          : Flipbook >>  in processFlipbookData
2024-08-31T17:36:32.664+05:30  INFO 23564 --- [http-nio-8080-exec-1] c.soprabanking.processor.FileOperations  : Flipbook >> in copyDirectory
2024-08-31T17:36:32.665+05:30  INFO 23564 --- [http-nio-8080-exec-1] c.s.processor.CustomFileVisitor          : Flipbook >>  in CustomFileVisitor
2024-08-31T17:36:32.870+05:30  INFO 23564 --- [http-nio-8080-exec-1] c.soprabanking.processor.FileOperations  : Flipbook >>  out CustomFileVisitor
2024-08-31T17:36:32.871+05:30  INFO 23564 --- [http-nio-8080-exec-1] c.s.processor.FlipbookProcessor          : Flipbook >> out copyDirectory
2024-08-31T17:36:32.871+05:30  INFO 23564 --- [http-nio-8080-exec-1] c.soprabanking.processor.FileOperations  : Flipbook >> in replaceText
2024-08-31T17:36:32.911+05:30  INFO 23564 --- [http-nio-8080-exec-1] c.s.processor.FlipbookProcessor          : Flipbook >> out replaceText
2024-08-31T17:36:32.912+05:30  INFO 23564 --- [http-nio-8080-exec-1] c.soprabanking.processor.FileOperations  : Flipbook >> in replaceText
2024-08-31T17:36:32.941+05:30  INFO 23564 --- [http-nio-8080-exec-1] c.s.processor.FlipbookProcessor          : Flipbook >> out replaceText
2024-08-31T17:36:32.942+05:30  INFO 23564 --- [http-nio-8080-exec-1] c.soprabanking.processor.FileOperations  : Flipbook >> in copyDirectory
2024-08-31T17:36:32.942+05:30  INFO 23564 --- [http-nio-8080-exec-1] c.s.processor.CustomFileVisitor          : Flipbook >>  in CustomFileVisitor
2024-08-31T17:36:32.950+05:30  INFO 23564 --- [http-nio-8080-exec-1] c.soprabanking.processor.FileOperations  : Flipbook >>  out CustomFileVisitor
2024-08-31T17:36:32.950+05:30  INFO 23564 --- [http-nio-8080-exec-1] c.s.processor.FlipbookProcessor          : Flipbook >> out copyDirectory
2024-08-31T17:36:32.950+05:30  INFO 23564 --- [http-nio-8080-exec-1] c.soprabanking.processor.FileOperations  : Flipbook >> in replaceText
2024-08-31T17:36:32.995+05:30  INFO 23564 --- [http-nio-8080-exec-1] c.s.processor.FlipbookProcessor          : Flipbook >> out replaceText
2024-08-31T17:36:32.998+05:30  INFO 23564 --- [http-nio-8080-exec-1] c.soprabanking.processor.FileOperations  : Flipbook >> in deleteFile
2024-08-31T17:36:32.999+05:30  INFO 23564 --- [http-nio-8080-exec-1] c.s.processor.FlipbookProcessor          : Flipbook >> out deleteFile
2024-08-31T17:36:33.000+05:30  INFO 23564 --- [http-nio-8080-exec-1] c.soprabanking.processor.FileOperations  : Flipbook >> in copyFile
2024-08-31T17:36:33.002+05:30  INFO 23564 --- [http-nio-8080-exec-1] c.s.processor.FlipbookProcessor          : Flipbook >> out copyFile
2024-08-31T17:36:33.003+05:30  INFO 23564 --- [http-nio-8080-exec-1] c.soprabanking.processor.FileOperations  : Flipbook >> in replaceText
2024-08-31T17:36:33.038+05:30  INFO 23564 --- [http-nio-8080-exec-1] c.s.processor.FlipbookProcessor          : Flipbook >> out replaceText
2024-08-31T17:36:33.039+05:30  INFO 23564 --- [http-nio-8080-exec-1] c.soprabanking.processor.FileOperations  : Flipbook >> in deleteFile
2024-08-31T17:36:33.040+05:30  INFO 23564 --- [http-nio-8080-exec-1] c.s.processor.FlipbookProcessor          : Flipbook >> out deleteFile
2024-08-31T17:36:33.040+05:30  INFO 23564 --- [http-nio-8080-exec-1] c.soprabanking.processor.FileOperations  : Flipbook >> in copyFile
2024-08-31T17:36:33.041+05:30  INFO 23564 --- [http-nio-8080-exec-1] c.s.processor.FlipbookProcessor          : Flipbook >> out copyFile
2024-08-31T17:36:33.042+05:30  INFO 23564 --- [http-nio-8080-exec-1] c.soprabanking.processor.FileOperations  : Flipbook >> in deleteDirectory
2024-08-31T17:36:33.044+05:30  INFO 23564 --- [http-nio-8080-exec-1] c.s.processor.FlipbookProcessor          : Flipbook >> out deleteDirectory
2024-08-31T17:36:33.045+05:30  INFO 23564 --- [http-nio-8080-exec-1] c.soprabanking.processor.FileOperations  : Flipbook >> in deleteDirectory
2024-08-31T17:36:33.049+05:30  INFO 23564 --- [http-nio-8080-exec-1] c.s.processor.FlipbookProcessor          : Flipbook >> out deleteDirectory
2024-08-31T17:36:33.050+05:30  INFO 23564 --- [http-nio-8080-exec-1] c.s.processor.FlipbookProcessor          : Flipbook >>  out processFlipbookData
